


ARM Macro Assembler    Page 1 


    1 00000000                 PRESERVE8
    2 00000000                 THUMB
    3 00000000         
    4 00000000 00000400 
                       Stack_Size
                               EQU              0x00000400
    5 00000000                 AREA             STACK, NOINIT, READWRITE, ALIGN
=4
    6 00000000         Stack_Mem
                               SPACE            Stack_Size
    7 00000400         __initial_sp
    8 00000400         
    9 00000400         
   10 00000400                 AREA             RESET, DATA, READONLY
   11 00000000                 EXPORT           __Vectors
   12 00000000         
   13 00000000 00000000 
                       __Vectors
                               DCD              __initial_sp ; Top of Stack
   14 00000004 00000000        DCD              Reset_Handler ; Reset Handler
   15 00000008 00000000        DCD              0           ; NMI Handler
   16 0000000C 00000000        DCD              0           ; Hard Fault Handle
                                                            r
   17 00000010 00000000        DCD              0           ; Reserved
   18 00000014 00000000        DCD              0           ; Reserved
   19 00000018 00000000        DCD              0           ; Reserved
   20 0000001C 00000000        DCD              0           ; Reserved
   21 00000020 00000000        DCD              0           ; Reserved
   22 00000024 00000000        DCD              0           ; Reserved
   23 00000028 00000000        DCD              0           ; Reserved
   24 0000002C 00000000        DCD              0           ; SVCall Handler
   25 00000030 00000000        DCD              0           ; Reserved
   26 00000034 00000000        DCD              0           ; Reserved
   27 00000038 00000000        DCD              0           ; PendSV Handler
   28 0000003C 00000000        DCD              0           ; SysTick Handler
   29 00000040 00000000        DCD              0           ; IRQ0 Handler
   30 00000044         
   31 00000044                 AREA             |.text|, CODE, READONLY
   32 00000000         
   33 00000000         
   34 00000000         ; Reset Handler
   35 00000000         
   36 00000000         Reset_Handler
                               PROC
   37 00000000                 GLOBAL           Reset_Handler
   38 00000000                 ENTRY
   39 00000000                 IMPORT           main
   40 00000000 4800            LDR              r0,     =main
   41 00000002 4700            BX               r0
   42 00000004                 ENDP
   43 00000004         
   44 00000004         
   45 00000004                 END
              00000000 
Command Line: --debug --xref --diag_suppress=9931 --cpu=Cortex-M0 --apcs=interw
ork --depend=.\startup_cmsdk_cm0.d -o.\startup_cmsdk_cm0.o -I.\RTE\_Target_1 -I
D:\Keil_v5\ARM\PACK\Keil\V2M-MPS2_CMx_BSP\1.8.1\Device\CMSDK_CM0\Include -ID:\K
eil_v5\ARM\CMSIS\Include --predefine="__UVISION_VERSION SETA 525" --predefine="
CMSDK_CM0 SETA 1" --list=.\listings\startup_cmsdk_cm0.lst ..\..\call\startup_CM



ARM Macro Assembler    Page 2 


SDK_CM0.s



ARM Macro Assembler    Page 1 Alphabetic symbol ordering
Relocatable symbols

STACK 00000000

Symbol: STACK
   Definitions
      At line 5 in file ..\..\call\startup_CMSDK_CM0.s
   Uses
      None
Comment: STACK unused
Stack_Mem 00000000

Symbol: Stack_Mem
   Definitions
      At line 6 in file ..\..\call\startup_CMSDK_CM0.s
   Uses
      None
Comment: Stack_Mem unused
__initial_sp 00000400

Symbol: __initial_sp
   Definitions
      At line 7 in file ..\..\call\startup_CMSDK_CM0.s
   Uses
      At line 13 in file ..\..\call\startup_CMSDK_CM0.s
Comment: __initial_sp used once
3 symbols



ARM Macro Assembler    Page 1 Alphabetic symbol ordering
Relocatable symbols

RESET 00000000

Symbol: RESET
   Definitions
      At line 10 in file ..\..\call\startup_CMSDK_CM0.s
   Uses
      None
Comment: RESET unused
__Vectors 00000000

Symbol: __Vectors
   Definitions
      At line 13 in file ..\..\call\startup_CMSDK_CM0.s
   Uses
      At line 11 in file ..\..\call\startup_CMSDK_CM0.s
Comment: __Vectors used once
2 symbols



ARM Macro Assembler    Page 1 Alphabetic symbol ordering
Relocatable symbols

.text 00000000

Symbol: .text
   Definitions
      At line 31 in file ..\..\call\startup_CMSDK_CM0.s
   Uses
      None
Comment: .text unused
Reset_Handler 00000000

Symbol: Reset_Handler
   Definitions
      At line 36 in file ..\..\call\startup_CMSDK_CM0.s
   Uses
      At line 14 in file ..\..\call\startup_CMSDK_CM0.s
      At line 37 in file ..\..\call\startup_CMSDK_CM0.s

2 symbols



ARM Macro Assembler    Page 1 Alphabetic symbol ordering
Absolute symbols

Stack_Size 00000400

Symbol: Stack_Size
   Definitions
      At line 4 in file ..\..\call\startup_CMSDK_CM0.s
   Uses
      At line 6 in file ..\..\call\startup_CMSDK_CM0.s
Comment: Stack_Size used once
1 symbol



ARM Macro Assembler    Page 1 Alphabetic symbol ordering
External symbols

main 00000000

Symbol: main
   Definitions
      At line 39 in file ..\..\call\startup_CMSDK_CM0.s
   Uses
      At line 40 in file ..\..\call\startup_CMSDK_CM0.s
Comment: main used once
1 symbol
343 symbols in table
