


ARM Macro Assembler    Page 1 


    1 00000000                 PRESERVE8
    2 00000000                 THUMB
    3 00000000         
    4 00000000                 AREA             RESET, DATA, READONLY
    5 00000000                 EXPORT           __Vectors
    6 00000000         
    7 00000000 20000000 
                       __Vectors
                               DCD              0x20000000  ; Top of Stack
    8 00000004 00000000        DCD              Reset_Handler ; Reset Handler
    9 00000008 00000000        DCD              0           ; NMI Handler
   10 0000000C 00000000        DCD              0           ; Hard Fault Handle
                                                            r
   11 00000010 00000000        DCD              0           ; Reserved
   12 00000014 00000000        DCD              0           ; Reserved
   13 00000018 00000000        DCD              0           ; Reserved
   14 0000001C 00000000        DCD              0           ; Reserved
   15 00000020 00000000        DCD              0           ; Reserved
   16 00000024 00000000        DCD              0           ; Reserved
   17 00000028 00000000        DCD              0           ; Reserved
   18 0000002C 00000000        DCD              0           ; SVCall Handler
   19 00000030 00000000        DCD              0           ; Reserved
   20 00000034 00000000        DCD              0           ; Reserved
   21 00000038 00000000        DCD              0           ; PendSV Handler
   22 0000003C 00000000        DCD              0           ; SysTick Handler
   23 00000040 00000000        DCD              0           ; IRQ0 Handler
   24 00000044         
   25 00000044                 AREA             |.text|, CODE, READONLY
   26 00000000         
   27 00000000         ; Reset Handler
   28 00000000         
   29 00000000         Reset_Handler
                               PROC
   30 00000000                 GLOBAL           Reset_Handler
   31 00000000                 ENTRY
   32 00000000 4A1A            LDR              R2, =0x40000020 ;R2 GPIO OUT re
                                                            g addr
   33 00000002 1D13            ADDS             R3, R2, #4  ;R3 GPIO IN reg add
                                                            r
   34 00000004 1D1C            ADDS             R4, R3, #4  ;R4 GPIO OUTen reg 
                                                            addr
   35 00000006         ; Finish function code 
   36 00000006 4E1A    GPIO    LDR              R6, =0x00
   37 00000008 6026            STR              R6, [R4]    ;GPIO Read Enable
   38 0000000A 681D            LDR              R5, [R3]    ;GPIO Read Value
   39 0000000C         
   40 0000000C         
   41 0000000C 4E19            LDR              R6, =0x01
   42 0000000E 6026            STR              R6, [R4]    ;GPIO Write Enable
   43 00000010         
   44 00000010 4E18            LDR              R6, =0x01
   45 00000012 6016            STR              R6, [R2]    ;Set GPIO 0x01
   46 00000014 2101            MOVS             R1, #1      ;Interval cnt initi
                                                            al
   47 00000016 F000 F824       BL               Delay
   48 0000001A         
   49 0000001A 4E17            LDR              R6, =0x02
   50 0000001C 6016            STR              R6, [R2]
   51 0000001E 2101            MOVS             R1, #1



ARM Macro Assembler    Page 2 


   52 00000020 F000 F81F       BL               Delay
   53 00000024         
   54 00000024 4E15            LDR              R6, =0x04
   55 00000026 6016            STR              R6, [R2]
   56 00000028 2101            MOVS             R1, #1
   57 0000002A F000 F81A       BL               Delay
   58 0000002E         
   59 0000002E 4E14            LDR              R6, =0x08
   60 00000030 6016            STR              R6, [R2]
   61 00000032 2101            MOVS             R1, #1
   62 00000034 F000 F815       BL               Delay
   63 00000038         
   64 00000038 4E12            LDR              R6, =0x10
   65 0000003A 6016            STR              R6, [R2]
   66 0000003C 2101            MOVS             R1, #1
   67 0000003E F000 F810       BL               Delay
   68 00000042         
   69 00000042 4E11            LDR              R6, =0x20
   70 00000044 6016            STR              R6, [R2]
   71 00000046 2101            MOVS             R1, #1
   72 00000048 F000 F80B       BL               Delay
   73 0000004C         
   74 0000004C 4E0F            LDR              R6, =0x40
   75 0000004E 6016            STR              R6, [R2]
   76 00000050 2101            MOVS             R1, #1
   77 00000052 F000 F806       BL               Delay
   78 00000056         
   79 00000056 4E0E            LDR              R6, =0x80
   80 00000058 6016            STR              R6, [R2]
   81 0000005A 2101            MOVS             R1, #1
   82 0000005C F000 F801       BL               Delay
   83 00000060         
   84 00000060 E7D1            B                GPIO
   85 00000062         
   86 00000062 1C49    Delay   ADDS             R1, R1, #1
   87 00000064 480B            LDR              R0, =0x989680
   88 00000066 4288            CMP              R0, R1
   89 00000068 D1FB            BNE              Delay
   90 0000006A 4770            BX               LR
   91 0000006C         
   92 0000006C         ;;;;;;;;;;;;;;;;;;;;;;
   93 0000006C         
   94 0000006C                 ENDP
   95 0000006C         
   96 0000006C                 END
              40000020 
              00000000 
              00000001 
              00000002 
              00000004 
              00000008 
              00000010 
              00000020 
              00000040 
              00000080 
              00989680 
Command Line: --debug --xref --diag_suppress=9931 --cpu=Cortex-M0 --apcs=interw
ork --depend=.\startup_cmsdk_cm0.d -o.\startup_cmsdk_cm0.o -I.\RTE\_Target_1 -I
D:\Keil_v5\ARM\PACK\Keil\V2M-MPS2_CMx_BSP\1.8.1\Device\CMSDK_CM0\Include -ID:\K



ARM Macro Assembler    Page 3 


eil_v5\ARM\CMSIS\Include --predefine="__UVISION_VERSION SETA 525" --predefine="
CMSDK_CM0 SETA 1" --list=.\listings\startup_cmsdk_cm0.lst startup_CMSDK_CM0.s



ARM Macro Assembler    Page 1 Alphabetic symbol ordering
Relocatable symbols

RESET 00000000

Symbol: RESET
   Definitions
      At line 4 in file startup_CMSDK_CM0.s
   Uses
      None
Comment: RESET unused
__Vectors 00000000

Symbol: __Vectors
   Definitions
      At line 7 in file startup_CMSDK_CM0.s
   Uses
      At line 5 in file startup_CMSDK_CM0.s
Comment: __Vectors used once
2 symbols



ARM Macro Assembler    Page 1 Alphabetic symbol ordering
Relocatable symbols

.text 00000000

Symbol: .text
   Definitions
      At line 25 in file startup_CMSDK_CM0.s
   Uses
      None
Comment: .text unused
Delay 00000062

Symbol: Delay
   Definitions
      At line 86 in file startup_CMSDK_CM0.s
   Uses
      At line 47 in file startup_CMSDK_CM0.s
      At line 52 in file startup_CMSDK_CM0.s
      At line 57 in file startup_CMSDK_CM0.s
      At line 62 in file startup_CMSDK_CM0.s
      At line 67 in file startup_CMSDK_CM0.s
      At line 72 in file startup_CMSDK_CM0.s
      At line 77 in file startup_CMSDK_CM0.s
      At line 82 in file startup_CMSDK_CM0.s
      At line 89 in file startup_CMSDK_CM0.s

GPIO 00000006

Symbol: GPIO
   Definitions
      At line 36 in file startup_CMSDK_CM0.s
   Uses
      At line 84 in file startup_CMSDK_CM0.s
Comment: GPIO used once
Reset_Handler 00000000

Symbol: Reset_Handler
   Definitions
      At line 29 in file startup_CMSDK_CM0.s
   Uses
      At line 8 in file startup_CMSDK_CM0.s
      At line 30 in file startup_CMSDK_CM0.s

4 symbols
340 symbols in table
