


ARM Macro Assembler    Page 1 


    1 00000000         ;/******************************************************
                       ********************//**
    2 00000000         ; * @file     startup_CMSDK_CM0.s
    3 00000000         ; * @brief    CMSIS Cortex-M0 Core Device Startup File f
                       or
    4 00000000         ; *           Device CMSDK_CM0
    5 00000000         ; * @version  V3.01
    6 00000000         ; * @date     06. March 2012
    7 00000000         ; *
    8 00000000         ; * @note
    9 00000000         ; * Copyright (C) 2012 ARM Limited. All rights reserved.
                       
   10 00000000         ; *
   11 00000000         ; * @par
   12 00000000         ; * ARM Limited (ARM) is supplying this software for use
                        with Cortex-M
   13 00000000         ; * processor based microcontrollers.  This file can be 
                       freely distributed
   14 00000000         ; * within development tools that are supporting such AR
                       M based processors.
   15 00000000         ; *
   16 00000000         ; * @par
   17 00000000         ; * THIS SOFTWARE IS PROVIDED "AS IS".  NO WARRANTIES, W
                       HETHER EXPRESS, IMPLIED
   18 00000000         ; * OR STATUTORY, INCLUDING, BUT NOT LIMITED TO, IMPLIED
                        WARRANTIES OF
   19 00000000         ; * MERCHANTABILITY AND FITNESS FOR A PARTICULAR PURPOSE
                        APPLY TO THIS SOFTWARE.
   20 00000000         ; * ARM SHALL NOT, IN ANY CIRCUMSTANCES, BE LIABLE FOR S
                       PECIAL, INCIDENTAL, OR
   21 00000000         ; * CONSEQUENTIAL DAMAGES, FOR ANY REASON WHATSOEVER.
   22 00000000         ; *
   23 00000000         ; ******************************************************
                       ************************/
   24 00000000         ;/*
   25 00000000         ;//-------- <<< Use Configuration Wizard in Context Menu
                        >>> ------------------
   26 00000000         ;*/
   27 00000000         
   28 00000000         
   29 00000000         ; <h> Stack Configuration
   30 00000000         ;   <o> Stack Size (in Bytes) <0x0-0xFFFFFFFF:8>
   31 00000000         ; </h>
   32 00000000         
   33 00000000 00000400 
                       Stack_Size
                               EQU              0x00000400
   34 00000000         
   35 00000000                 AREA             STACK, NOINIT, READWRITE, ALIGN
=4
   36 00000000         Stack_Mem
                               SPACE            Stack_Size
   37 00000400         __initial_sp
   38 00000400         
   39 00000400         
   40 00000400         ; <h> Heap Configuration
   41 00000400         ;   <o>  Heap Size (in Bytes) <0x0-0xFFFFFFFF:8>
   42 00000400         ; </h>
   43 00000400         



ARM Macro Assembler    Page 2 


   44 00000400 00000400 
                       Heap_Size
                               EQU              0x00000400
   45 00000400         
   46 00000400                 AREA             HEAP, NOINIT, READWRITE, ALIGN=
4
   47 00000000         __heap_base
   48 00000000         Heap_Mem
                               SPACE            Heap_Size
   49 00000400         __heap_limit
   50 00000400         
   51 00000400         
   52 00000400                 PRESERVE8
   53 00000400                 THUMB
   54 00000400         
   55 00000400         
   56 00000400         ; Vector Table Mapped to Address 0 at Reset
   57 00000400         
   58 00000400                 AREA             RESET, DATA, READONLY
   59 00000000                 EXPORT           __Vectors
   60 00000000         
   61 00000000 00000000 
                       __Vectors
                               DCD              __initial_sp ; Top of Stack
   62 00000004 00000000        DCD              Reset_Handler ; Reset Handler
   63 00000008 00000000        DCD              0           ; NMI Handler
   64 0000000C 00000000        DCD              0           ; Hard Fault Handle
                                                            r
   65 00000010 00000000        DCD              0           ; Reserved
   66 00000014 00000000        DCD              0           ; Reserved
   67 00000018 00000000        DCD              0           ; Reserved
   68 0000001C 00000000        DCD              0           ; Reserved
   69 00000020 00000000        DCD              0           ; Reserved
   70 00000024 00000000        DCD              0           ; Reserved
   71 00000028 00000000        DCD              0           ; Reserved
   72 0000002C 00000000        DCD              0           ; SVCall Handler
   73 00000030 00000000        DCD              0           ; Reserved
   74 00000034 00000000        DCD              0           ; Reserved
   75 00000038 00000000        DCD              0           ; PendSV Handler
   76 0000003C 00000000        DCD              0           ; SysTick Handler
   77 00000040 00000000        DCD              KEY0_Handler ; IRQ0 Handler
   78 00000044 00000000        DCD              KEY1_Handler ; IRQ1 Handler
   79 00000048 00000000        DCD              KEY2_Handler ; IRQ2 Handler
   80 0000004C 00000000        DCD              KEY3_Handler ; IRQ3 Handler
   81 00000050         
   82 00000050         
   83 00000050                 AREA             |.text|, CODE, READONLY
   84 00000000         
   85 00000000         
   86 00000000         ; Reset Handler
   87 00000000         
   88 00000000         Reset_Handler
                               PROC
   89 00000000                 GLOBAL           Reset_Handler
   90 00000000                 ENTRY
   91 00000000                 IMPORT           __main
   92 00000000 480C            LDR              R0, =__main
   93 00000002 4680            MOV              R8, R0
   94 00000004 46C1            MOV              R9, R8



ARM Macro Assembler    Page 3 


   95 00000006 4700            BX               R0
   96 00000008                 ENDP
   97 00000008         
   98 00000008         ; add IRQ_Handler function here
   99 00000008         KEY0_Handler
                               PROC
  100 00000008                 EXPORT           KEY0_Handler            [WEAK]
  101 00000008                 IMPORT           KEY0
  102 00000008 B507            PUSH             {R0,R1,R2,LR}
  103 0000000A F7FF FFFE       BL               KEY0
  104 0000000E BD07            POP              {R0,R1,R2,PC}
  105 00000010                 ENDP
  106 00000010         
  107 00000010         KEY1_Handler
                               PROC
  108 00000010                 EXPORT           KEY1_Handler            [WEAK]
  109 00000010                 IMPORT           KEY1
  110 00000010 B507            PUSH             {R0,R1,R2,LR}
  111 00000012 F7FF FFFE       BL               KEY1
  112 00000016 BD07            POP              {R0,R1,R2,PC}
  113 00000018                 ENDP
  114 00000018         
  115 00000018         KEY2_Handler
                               PROC
  116 00000018                 EXPORT           KEY2_Handler            [WEAK]
  117 00000018                 IMPORT           KEY2
  118 00000018 B507            PUSH             {R0,R1,R2,LR}
  119 0000001A F7FF FFFE       BL               KEY2
  120 0000001E BD07            POP              {R0,R1,R2,PC}
  121 00000020                 ENDP
  122 00000020         
  123 00000020         KEY3_Handler
                               PROC
  124 00000020                 EXPORT           KEY3_Handler            [WEAK]
  125 00000020                 IMPORT           KEY3
  126 00000020 B507            PUSH             {R0,R1,R2,LR}
  127 00000022 F7FF FFFE       BL               KEY3
  128 00000026 BD07            POP              {R0,R1,R2,PC}
  129 00000028                 ENDP
  130 00000028         
  131 00000028         ;;;;;;;;;;;;;;;;;;;;;;;;;;;;;;;;;;;
  132 00000028         
  133 00000028         
  134 00000028                 ALIGN            4
  135 00000028         
  136 00000028                 IF               :DEF:__MICROLIB
  143 00000028         
  144 00000028                 IMPORT           __use_two_region_memory
  145 00000028                 EXPORT           __user_initial_stackheap
  146 00000028         
  147 00000028         __user_initial_stackheap
  148 00000028         
  149 00000028 4803            LDR              R0, =  Heap_Mem
  150 0000002A 4904            LDR              R1, =(Stack_Mem + Stack_Size)
  151 0000002C 4A04            LDR              R2, = (Heap_Mem +  Heap_Size)
  152 0000002E 4B05            LDR              R3, = Stack_Mem
  153 00000030 4770            BX               LR
  154 00000032         
  155 00000032 00 00           ALIGN



ARM Macro Assembler    Page 4 


  156 00000034         
  157 00000034                 ENDIF
  158 00000034         
  159 00000034                 END
              00000000 
              00000000 
              00000400 
              00000400 
              00000000 
Command Line: --debug --xref --diag_suppress=9931 --cpu=Cortex-M0 --apcs=interw
ork --depend=.\startup_cmsdk_cm0.d -o.\startup_cmsdk_cm0.o -I.\RTE\_Target_1 -I
D:\Keil_v5\ARM\PACK\Keil\V2M-MPS2_CMx_BSP\1.8.1\Device\CMSDK_CM0\Include -ID:\K
eil_v5\ARM\CMSIS\Include --predefine="__UVISION_VERSION SETA 525" --predefine="
CMSDK_CM0 SETA 1" --list=.\listings\startup_cmsdk_cm0.lst startup_CMSDK_CM0.s



ARM Macro Assembler    Page 1 Alphabetic symbol ordering
Relocatable symbols

STACK 00000000

Symbol: STACK
   Definitions
      At line 35 in file startup_CMSDK_CM0.s
   Uses
      None
Comment: STACK unused
Stack_Mem 00000000

Symbol: Stack_Mem
   Definitions
      At line 36 in file startup_CMSDK_CM0.s
   Uses
      At line 150 in file startup_CMSDK_CM0.s
      At line 152 in file startup_CMSDK_CM0.s

__initial_sp 00000400

Symbol: __initial_sp
   Definitions
      At line 37 in file startup_CMSDK_CM0.s
   Uses
      At line 61 in file startup_CMSDK_CM0.s
Comment: __initial_sp used once
3 symbols



ARM Macro Assembler    Page 1 Alphabetic symbol ordering
Relocatable symbols

HEAP 00000000

Symbol: HEAP
   Definitions
      At line 46 in file startup_CMSDK_CM0.s
   Uses
      None
Comment: HEAP unused
Heap_Mem 00000000

Symbol: Heap_Mem
   Definitions
      At line 48 in file startup_CMSDK_CM0.s
   Uses
      At line 149 in file startup_CMSDK_CM0.s
      At line 151 in file startup_CMSDK_CM0.s

__heap_base 00000000

Symbol: __heap_base
   Definitions
      At line 47 in file startup_CMSDK_CM0.s
   Uses
      None
Comment: __heap_base unused
__heap_limit 00000400

Symbol: __heap_limit
   Definitions
      At line 49 in file startup_CMSDK_CM0.s
   Uses
      None
Comment: __heap_limit unused
4 symbols



ARM Macro Assembler    Page 1 Alphabetic symbol ordering
Relocatable symbols

RESET 00000000

Symbol: RESET
   Definitions
      At line 58 in file startup_CMSDK_CM0.s
   Uses
      None
Comment: RESET unused
__Vectors 00000000

Symbol: __Vectors
   Definitions
      At line 61 in file startup_CMSDK_CM0.s
   Uses
      At line 59 in file startup_CMSDK_CM0.s
Comment: __Vectors used once
2 symbols



ARM Macro Assembler    Page 1 Alphabetic symbol ordering
Relocatable symbols

.text 00000000

Symbol: .text
   Definitions
      At line 83 in file startup_CMSDK_CM0.s
   Uses
      None
Comment: .text unused
KEY0_Handler 00000008

Symbol: KEY0_Handler
   Definitions
      At line 99 in file startup_CMSDK_CM0.s
   Uses
      At line 77 in file startup_CMSDK_CM0.s
      At line 100 in file startup_CMSDK_CM0.s

KEY1_Handler 00000010

Symbol: KEY1_Handler
   Definitions
      At line 107 in file startup_CMSDK_CM0.s
   Uses
      At line 78 in file startup_CMSDK_CM0.s
      At line 108 in file startup_CMSDK_CM0.s

KEY2_Handler 00000018

Symbol: KEY2_Handler
   Definitions
      At line 115 in file startup_CMSDK_CM0.s
   Uses
      At line 79 in file startup_CMSDK_CM0.s
      At line 116 in file startup_CMSDK_CM0.s

KEY3_Handler 00000020

Symbol: KEY3_Handler
   Definitions
      At line 123 in file startup_CMSDK_CM0.s
   Uses
      At line 80 in file startup_CMSDK_CM0.s
      At line 124 in file startup_CMSDK_CM0.s

Reset_Handler 00000000

Symbol: Reset_Handler
   Definitions
      At line 88 in file startup_CMSDK_CM0.s
   Uses
      At line 62 in file startup_CMSDK_CM0.s
      At line 89 in file startup_CMSDK_CM0.s

__user_initial_stackheap 00000028

Symbol: __user_initial_stackheap
   Definitions
      At line 147 in file startup_CMSDK_CM0.s
   Uses



ARM Macro Assembler    Page 2 Alphabetic symbol ordering
Relocatable symbols

      At line 145 in file startup_CMSDK_CM0.s
Comment: __user_initial_stackheap used once
7 symbols



ARM Macro Assembler    Page 1 Alphabetic symbol ordering
Absolute symbols

Heap_Size 00000400

Symbol: Heap_Size
   Definitions
      At line 44 in file startup_CMSDK_CM0.s
   Uses
      At line 48 in file startup_CMSDK_CM0.s
      At line 151 in file startup_CMSDK_CM0.s

Stack_Size 00000400

Symbol: Stack_Size
   Definitions
      At line 33 in file startup_CMSDK_CM0.s
   Uses
      At line 36 in file startup_CMSDK_CM0.s
      At line 150 in file startup_CMSDK_CM0.s

2 symbols



ARM Macro Assembler    Page 1 Alphabetic symbol ordering
External symbols

KEY0 00000000

Symbol: KEY0
   Definitions
      At line 101 in file startup_CMSDK_CM0.s
   Uses
      At line 103 in file startup_CMSDK_CM0.s
Comment: KEY0 used once
KEY1 00000000

Symbol: KEY1
   Definitions
      At line 109 in file startup_CMSDK_CM0.s
   Uses
      At line 111 in file startup_CMSDK_CM0.s
Comment: KEY1 used once
KEY2 00000000

Symbol: KEY2
   Definitions
      At line 117 in file startup_CMSDK_CM0.s
   Uses
      At line 119 in file startup_CMSDK_CM0.s
Comment: KEY2 used once
KEY3 00000000

Symbol: KEY3
   Definitions
      At line 125 in file startup_CMSDK_CM0.s
   Uses
      At line 127 in file startup_CMSDK_CM0.s
Comment: KEY3 used once
__main 00000000

Symbol: __main
   Definitions
      At line 91 in file startup_CMSDK_CM0.s
   Uses
      At line 92 in file startup_CMSDK_CM0.s
Comment: __main used once
__use_two_region_memory 00000000

Symbol: __use_two_region_memory
   Definitions
      At line 144 in file startup_CMSDK_CM0.s
   Uses
      None
Comment: __use_two_region_memory unused
6 symbols
360 symbols in table
