


ARM Macro Assembler    Page 1 


    1 00000000                 PRESERVE8
    2 00000000                 THUMB
    3 00000000         
    4 00000000                 AREA             RESET, DATA, READONLY
    5 00000000                 EXPORT           __Vectors
    6 00000000         
    7 00000000 20000000 
                       __Vectors
                               DCD              0x20000000  ; Top of Stack
    8 00000004 00000000        DCD              Reset_Handler ; Reset Handler
    9 00000008 00000000        DCD              0           ; NMI Handler
   10 0000000C 00000000        DCD              0           ; Hard Fault Handle
                                                            r
   11 00000010 00000000        DCD              0           ; Reserved
   12 00000014 00000000        DCD              0           ; Reserved
   13 00000018 00000000        DCD              0           ; Reserved
   14 0000001C 00000000        DCD              0           ; Reserved
   15 00000020 00000000        DCD              0           ; Reserved
   16 00000024 00000000        DCD              0           ; Reserved
   17 00000028 00000000        DCD              0           ; Reserved
   18 0000002C 00000000        DCD              0           ; SVCall Handler
   19 00000030 00000000        DCD              0           ; Reserved
   20 00000034 00000000        DCD              0           ; Reserved
   21 00000038 00000000        DCD              0           ; PendSV Handler
   22 0000003C 00000000        DCD              0           ; SysTick Handler
   23 00000040 00000000        DCD              0           ; IRQ0 Handler
   24 00000044         
   25 00000044                 AREA             |.text|, CODE, READONLY
   26 00000000         
   27 00000000         
   28 00000000         ; Reset Handler
   29 00000000         
   30 00000000         Reset_Handler
                               PROC
   31 00000000                 GLOBAL           Reset_Handler
   32 00000000                 ENTRY
   33 00000000 E7FE            B                start
   34 00000002                 ENDP
   35 00000002         
   36 00000002         
   37 00000002         ;Inset a loop algorithm there;
   38 00000002                 AREA             template, CODE, READONLY
   39 00000000         start   PROC
   40 00000000 2104            MOVS             R1,             #4
   41 00000002 2000    Clear   MOVS             R0,             #0
   42 00000004 1C40    Adder   ADDS             R0,     R0,     #1
   43 00000006 4288            CMP              R0,     R1
   44 00000008 D0FB            BEQ              Clear
   45 0000000A D1FB            BNE              Adder
   46 0000000C         
   47 0000000C                 ENDP
   48 0000000C         ;****************************;
   49 0000000C         
   50 0000000C                 END
Command Line: --debug --xref --diag_suppress=9931 --cpu=Cortex-M0 --apcs=interw
ork --depend=.\startup_cmsdk_cm0.d -o.\startup_cmsdk_cm0.o -I.\RTE\_Target_1 -I
D:\Keil_v5\ARM\PACK\Keil\V2M-MPS2_CMx_BSP\1.8.1\Device\CMSDK_CM0\Include -ID:\K
eil_v5\ARM\CMSIS\Include --predefine="__UVISION_VERSION SETA 525" --predefine="
CMSDK_CM0 SETA 1" --list=.\listings\startup_cmsdk_cm0.lst startup_CMSDK_CM0.s



ARM Macro Assembler    Page 1 Alphabetic symbol ordering
Relocatable symbols

RESET 00000000

Symbol: RESET
   Definitions
      At line 4 in file startup_CMSDK_CM0.s
   Uses
      None
Comment: RESET unused
__Vectors 00000000

Symbol: __Vectors
   Definitions
      At line 7 in file startup_CMSDK_CM0.s
   Uses
      At line 5 in file startup_CMSDK_CM0.s
Comment: __Vectors used once
2 symbols



ARM Macro Assembler    Page 1 Alphabetic symbol ordering
Relocatable symbols

.text 00000000

Symbol: .text
   Definitions
      At line 25 in file startup_CMSDK_CM0.s
   Uses
      None
Comment: .text unused
Reset_Handler 00000000

Symbol: Reset_Handler
   Definitions
      At line 30 in file startup_CMSDK_CM0.s
   Uses
      At line 8 in file startup_CMSDK_CM0.s
      At line 31 in file startup_CMSDK_CM0.s

2 symbols



ARM Macro Assembler    Page 1 Alphabetic symbol ordering
Relocatable symbols

Adder 00000004

Symbol: Adder
   Definitions
      At line 42 in file startup_CMSDK_CM0.s
   Uses
      At line 45 in file startup_CMSDK_CM0.s
Comment: Adder used once
Clear 00000002

Symbol: Clear
   Definitions
      At line 41 in file startup_CMSDK_CM0.s
   Uses
      At line 44 in file startup_CMSDK_CM0.s
Comment: Clear used once
start 00000000

Symbol: start
   Definitions
      At line 39 in file startup_CMSDK_CM0.s
   Uses
      At line 33 in file startup_CMSDK_CM0.s
Comment: start used once
template 00000000

Symbol: template
   Definitions
      At line 38 in file startup_CMSDK_CM0.s
   Uses
      None
Comment: template unused
4 symbols
340 symbols in table
